2020-05-17 14:55:17,674[TestNG-tests-1]On Test Start testLoginOption
2020-05-17 14:55:17,686[TestNG-tests-1]On Test Start testLoginOption
2020-05-17 14:55:17,689[TestNG-tests-1]Check out file's path
2020-05-17 14:55:17,690[TestNG-tests-1]Check out file's path
2020-05-17 14:55:27,566[TestNG-tests-1]Check out file's path
2020-05-17 14:55:27,665[TestNG-tests-1]Check out file's path
2020-05-17 14:55:27,762[TestNG-tests-1]Check out file's path
2020-05-17 14:55:27,762[TestNG-tests-1]Useris successfully logged in 
2020-05-17 14:55:27,797[TestNG-tests-1]On Test Failed testLoginOption
2020-05-17 14:55:28,375[TestNG-tests-1]On Test Failed testLoginOption
2020-05-17 14:55:34,755[TestNG-tests-1]On Test Start testAdditionProductToCard
2020-05-17 14:55:34,755[TestNG-tests-1]On Test Start testAdditionProductToCard
2020-05-17 14:55:44,771[TestNG-tests-1]On Test Success testAdditionProductToCard
2020-05-17 14:55:44,771[TestNG-tests-1]On Test Success testAdditionProductToCard
2020-05-17 14:55:50,734[TestNG-tests-1]On Test Start testProductAdditionToTheList
2020-05-17 14:55:50,734[TestNG-tests-1]On Test Start testProductAdditionToTheList
2020-05-17 14:56:01,676[TestNG-tests-1]On Test Success testProductAdditionToTheList
2020-05-17 14:56:01,677[TestNG-tests-1]On Test Success testProductAdditionToTheList
2020-05-17 14:56:07,553[TestNG-tests-1]On Test Start testBasketPageIsDisplayed
2020-05-17 14:56:07,553[TestNG-tests-1]On Test Start testBasketPageIsDisplayed
2020-05-17 14:56:16,553[TestNG-tests-1]On Test Success testBasketPageIsDisplayed
2020-05-17 14:56:16,553[TestNG-tests-1]On Test Success testBasketPageIsDisplayed
2020-05-17 14:56:16,554[TestNG-tests-1]On Test Start testBookmarksPageIsDisplayed
2020-05-17 14:56:16,554[TestNG-tests-1]On Test Start testBookmarksPageIsDisplayed
2020-05-17 14:56:18,867[TestNG-tests-1]On Test Success testBookmarksPageIsDisplayed
2020-05-17 14:56:18,867[TestNG-tests-1]On Test Success testBookmarksPageIsDisplayed
2020-05-17 14:56:18,868[TestNG-tests-1]On Test Start testComparasionListPageIsDisplayed
2020-05-17 14:56:18,868[TestNG-tests-1]On Test Start testComparasionListPageIsDisplayed
2020-05-17 14:56:21,109[TestNG-tests-1]On Test Success testComparasionListPageIsDisplayed
2020-05-17 14:56:21,109[TestNG-tests-1]On Test Success testComparasionListPageIsDisplayed
2020-05-17 14:56:21,110[TestNG-tests-1]On Test Start testDeliveryPageIsDisplayed
2020-05-17 14:56:21,110[TestNG-tests-1]On Test Start testDeliveryPageIsDisplayed
2020-05-17 14:56:23,501[TestNG-tests-1]On Test Success testDeliveryPageIsDisplayed
2020-05-17 14:56:23,501[TestNG-tests-1]On Test Success testDeliveryPageIsDisplayed
2020-05-17 14:56:23,501[TestNG-tests-1]On Test Start testDiscountSystemPageIsDisplayed
2020-05-17 14:56:23,501[TestNG-tests-1]On Test Start testDiscountSystemPageIsDisplayed
2020-05-17 14:56:26,348[TestNG-tests-1]On Test Success testDiscountSystemPageIsDisplayed
2020-05-17 14:56:26,348[TestNG-tests-1]On Test Success testDiscountSystemPageIsDisplayed
2020-05-17 14:56:26,348[TestNG-tests-1]On Test Start testLoginWindowIsDisplayed
2020-05-17 14:56:26,348[TestNG-tests-1]On Test Start testLoginWindowIsDisplayed
2020-05-17 14:56:27,758[TestNG-tests-1]On Test Success testLoginWindowIsDisplayed
2020-05-17 14:56:27,758[TestNG-tests-1]On Test Success testLoginWindowIsDisplayed
2020-05-17 14:56:27,758[TestNG-tests-1]On Test Start testPaymentPageIsDisplayed
2020-05-17 14:56:27,759[TestNG-tests-1]On Test Start testPaymentPageIsDisplayed
2020-05-17 14:56:29,909[TestNG-tests-1]On Test Success testPaymentPageIsDisplayed
2020-05-17 14:56:29,909[TestNG-tests-1]On Test Success testPaymentPageIsDisplayed
2020-05-17 14:56:29,909[TestNG-tests-1]On Test Start testWarrantyPageIsDisplayed
2020-05-17 14:56:29,909[TestNG-tests-1]On Test Start testWarrantyPageIsDisplayed
2020-05-17 14:56:32,015[TestNG-tests-1]On Test Success testWarrantyPageIsDisplayed
2020-05-17 14:56:32,015[TestNG-tests-1]On Test Success testWarrantyPageIsDisplayed
2020-05-17 14:56:32,015[TestNG-tests-1]On Test Start testWishListPageIsDisplayed
2020-05-17 14:56:32,015[TestNG-tests-1]On Test Start testWishListPageIsDisplayed
2020-05-17 14:56:34,320[TestNG-tests-1]On Test Success testWishListPageIsDisplayed
2020-05-17 14:56:34,320[TestNG-tests-1]On Test Success testWishListPageIsDisplayed
2020-05-17 14:56:40,242[TestNG-tests-1]On Test Start testChooseProductFromCatalog
2020-05-17 14:56:40,242[TestNG-tests-1]On Test Start testChooseProductFromCatalog
2020-05-17 14:57:02,455[TestNG-tests-1]On Test Success testChooseProductFromCatalog
2020-05-17 14:57:02,455[TestNG-tests-1]On Test Success testChooseProductFromCatalog
